3929
0 0 11 0 
0 1 11 1 
0 2 11 2 
0 3 11 3 
0 4 11 4 
0 5 11 5 
0 6 11 6 
0 7 11 7 
0 8 11 8 
0 10 11 10 
0 11 11 11 
0 12 11 12 
0 13 11 13 
0 14 11 14 
0 15 11 15 
0 16 11 16 
0 18 11 18 
0 19 11 19 
0 20 11 20 
0 21 11 21 
0 22 11 22 
0 23 11 23 
0 24 11 24 
0 25 11 25 
0 26 11 26 
0 27 11 27 
0 28 11 28 
0 29 11 29 
0 30 11 30 
0 31 11 31 
0 33 11 33 
0 34 11 34 
0 37 11 37 
0 38 11 38 
0 39 11 39 
0 40 11 40 
0 41 11 41 
0 42 11 42 
0 43 11 43 
0 44 11 44 
0 45 11 45 
0 46 11 46 
0 47 11 47 
0 48 11 48 
0 49 11 49 
0 50 11 50 
0 51 11 51 
0 52 11 52 
0 53 11 53 
0 54 11 54 
0 55 11 55 
0 56 11 56 
0 57 11 57 
0 58 11 58 
0 59 11 59 
0 60 11 60 
0 61 11 61 
0 62 11 62 
0 63 11 63 
0 64 11 64 
0 65 11 65 
0 66 11 66 
0 67 11 67 
0 68 11 68 
0 69 11 69 
0 71 11 71 
0 72 11 72 
0 73 11 73 
0 74 11 74 
0 75 11 75 
0 76 11 76 
0 77 11 77 
0 78 11 78 
0 80 11 80 
0 81 11 81 
0 82 11 82 
0 83 11 83 
0 84 11 84 
0 85 11 85 
0 87 11 87 
0 88 11 88 
0 89 11 89 
0 90 11 90 
0 91 11 91 
0 92 11 92 
0 94 11 94 
0 95 11 95 
0 96 11 96 
0 97 11 97 
0 98 11 98 
0 99 11 99 
0 100 11 100 
0 101 11 101 
0 102 11 102 
0 103 11 103 
0 104 11 104 
0 105 11 105 
0 106 11 106 
0 107 11 107 
0 108 11 108 
0 109 11 109 
0 111 11 111 
0 113 11 113 
0 114 11 114 
0 115 11 115 
0 116 11 116 
0 117 11 117 
0 118 11 118 
0 119 11 119 
0 120 11 120 
0 121 11 121 
0 122 11 122 
0 123 11 123 
0 124 11 124 
0 125 11 125 
0 126 11 126 
0 127 11 127 
0 128 11 128 
0 129 11 129 
0 130 11 130 
0 131 11 131 
0 132 11 132 
0 133 11 133 
0 134 11 134 
0 135 11 135 
0 136 11 136 
0 137 11 137 
0 138 11 138 
0 139 11 139 
0 140 11 140 
0 141 11 141 
0 142 11 142 
0 143 11 143 
0 144 11 144 
0 145 11 145 
0 146 11 146 
0 148 11 148 
0 149 11 149 
0 150 11 150 
0 151 11 151 
0 152 11 152 
0 153 11 153 
0 154 11 154 
0 155 11 155 
0 156 11 156 
0 157 11 157 
0 158 11 158 
0 159 11 159 
0 160 11 160 
0 161 11 161 
0 162 11 162 
0 163 11 163 
0 164 11 164 
0 165 11 165 
0 166 11 166 
0 167 11 167 
0 168 11 168 
0 169 11 169 
0 170 11 170 
0 171 11 171 
0 172 11 172 
0 173 11 173 
0 174 11 174 
0 175 11 175 
0 176 11 176 
0 177 11 177 
0 178 11 178 
0 179 11 179 
0 181 11 181 
0 183 11 183 
0 184 11 184 
0 185 11 185 
0 186 11 186 
0 187 11 187 
0 188 11 188 
0 189 11 189 
0 190 11 190 
0 191 11 191 
0 192 11 192 
0 193 11 193 
0 194 11 194 
0 195 11 195 
0 196 11 196 
0 197 11 197 
0 198 11 198 
0 199 11 199 
0 200 11 200 
0 201 11 201 
0 202 11 202 
0 203 11 203 
0 204 11 204 
0 205 11 205 
0 206 11 206 
0 207 11 207 
0 208 11 208 
0 209 11 209 
0 212 11 212 
0 213 11 213 
0 214 11 214 
0 215 11 215 
0 216 11 216 
0 217 11 217 
0 218 11 218 
0 219 11 219 
0 220 11 220 
0 221 11 221 
0 222 11 222 
0 223 11 223 
0 224 11 224 
0 225 11 225 
0 226 11 226 
0 227 11 227 
0 228 11 228 
0 229 11 229 
0 231 11 231 
0 232 11 232 
0 233 11 233 
0 234 11 234 
0 235 11 235 
0 236 11 236 
0 237 11 237 
0 238 11 238 
0 239 11 239 
0 240 11 240 
0 241 11 241 
0 242 11 242 
0 243 11 243 
0 244 11 244 
0 245 11 245 
0 246 11 246 
0 247 11 247 
0 248 11 248 
0 249 11 249 
1 36 12 36 
1 210 12 210 
1 230 12 230 
2 32 13 32 
2 35 13 35 
2 79 13 79 
2 86 13 86 
3 112 14 112 
3 147 14 147 
3 180 14 180 
3 182 14 182 
4 211 15 211 
5 110 16 110 
7 9 18 9 
7 17 18 17 
7 70 18 70 
9 93 20 93 
12 0 23 0 
12 1 23 1 
12 2 23 2 
12 3 23 3 
12 5 23 5 
12 6 23 6 
12 8 23 8 
12 10 23 10 
12 11 23 11 
12 12 23 12 
12 13 23 13 
12 15 23 15 
12 18 23 18 
12 19 23 19 
12 20 23 20 
12 22 23 22 
12 23 23 23 
12 24 23 24 
12 25 23 25 
12 26 23 26 
12 27 23 27 
12 28 23 28 
12 30 23 30 
12 33 23 33 
12 34 23 34 
12 37 23 37 
12 38 23 38 
12 39 23 39 
12 40 23 40 
12 41 23 41 
12 42 23 42 
12 43 23 43 
12 44 23 44 
12 46 23 46 
12 47 23 47 
12 48 23 48 
12 49 23 49 
12 50 23 50 
12 51 23 51 
12 52 23 52 
12 53 23 53 
12 54 23 54 
12 55 23 55 
12 56 23 56 
12 57 23 57 
12 58 23 58 
12 59 23 59 
12 60 23 60 
12 61 23 61 
12 62 23 62 
12 63 23 63 
12 64 23 64 
12 65 23 65 
12 66 23 66 
12 67 23 67 
12 68 23 68 
12 69 23 69 
12 71 23 71 
12 72 23 72 
12 73 23 73 
12 74 23 74 
12 76 23 76 
12 77 23 77 
12 81 23 81 
12 82 23 82 
12 84 23 84 
12 85 23 85 
12 87 23 87 
12 88 23 88 
12 89 23 89 
12 90 23 90 
12 91 23 91 
12 92 23 92 
12 94 23 94 
12 96 23 96 
12 97 23 97 
12 98 23 98 
12 99 23 99 
12 100 23 100 
12 101 23 101 
12 102 23 102 
12 104 23 104 
12 105 23 105 
12 106 23 106 
12 107 23 107 
12 108 23 108 
12 109 23 109 
12 111 23 111 
12 113 23 113 
12 114 23 114 
12 115 23 115 
12 116 23 116 
12 118 23 118 
12 119 23 119 
12 121 23 121 
12 122 23 122 
12 123 23 123 
12 124 23 124 
12 125 23 125 
12 126 23 126 
12 127 23 127 
12 128 23 128 
12 130 23 130 
12 131 23 131 
12 132 23 132 
12 134 23 134 
12 135 23 135 
12 136 23 136 
12 138 23 138 
12 139 23 139 
12 140 23 140 
12 141 23 141 
12 143 23 143 
12 144 23 144 
12 145 23 145 
12 146 23 146 
12 148 23 148 
12 149 23 149 
12 150 23 150 
12 151 23 151 
12 152 23 152 
12 153 23 153 
12 154 23 154 
12 155 23 155 
12 157 23 157 
12 158 23 158 
12 159 23 159 
12 160 23 160 
12 161 23 161 
12 163 23 163 
12 164 23 164 
12 165 23 165 
12 166 23 166 
12 167 23 167 
12 169 23 169 
12 170 23 170 
12 171 23 171 
12 172 23 172 
12 173 23 173 
12 174 23 174 
12 175 23 175 
12 177 23 177 
12 178 23 178 
12 179 23 179 
12 181 23 181 
12 184 23 184 
12 185 23 185 
12 186 23 186 
12 187 23 187 
12 188 23 188 
12 189 23 189 
12 190 23 190 
12 191 23 191 
12 192 23 192 
12 193 23 193 
12 194 23 194 
12 195 23 195 
12 196 23 196 
12 197 23 197 
12 198 23 198 
12 199 23 199 
12 200 23 200 
12 202 23 202 
12 203 23 203 
12 204 23 204 
12 206 23 206 
12 207 23 207 
12 208 23 208 
12 209 23 209 
12 212 23 212 
12 213 23 213 
12 214 23 214 
12 215 23 215 
12 216 23 216 
12 217 23 217 
12 218 23 218 
12 219 23 219 
12 221 23 221 
12 222 23 222 
12 223 23 223 
12 224 23 224 
12 225 23 225 
12 229 23 229 
12 232 23 232 
12 233 23 233 
12 234 23 234 
12 236 23 236 
12 238 23 238 
12 239 23 239 
12 240 23 240 
12 241 23 241 
12 242 23 242 
12 243 23 243 
12 244 23 244 
12 245 23 245 
12 246 23 246 
12 247 23 247 
12 248 23 248 
12 249 23 249 
13 4 24 4 
13 36 24 36 
13 80 24 80 
13 95 24 95 
13 103 24 103 
13 133 24 133 
13 162 24 162 
13 168 24 168 
13 210 24 210 
13 230 24 230 
13 235 24 235 
13 237 24 237 
14 14 25 14 
14 16 25 16 
14 32 25 32 
14 35 25 35 
14 79 25 79 
14 83 25 83 
14 86 25 86 
14 156 25 156 
14 183 25 183 
14 201 25 201 
14 220 25 220 
15 31 26 31 
15 78 26 78 
15 112 26 112 
15 129 26 129 
15 180 26 180 
15 182 26 182 
16 75 27 75 
16 147 27 147 
16 205 27 205 
16 227 27 227 
17 110 28 110 
17 120 28 120 
17 211 28 211 
18 7 29 7 
18 117 29 117 
18 137 29 137 
18 142 29 142 
18 176 29 176 
19 9 30 9 
19 17 30 17 
19 45 30 45 
19 226 30 226 
20 70 31 70 
20 231 31 231 
21 93 32 93 
21 228 32 228 
23 21 34 21 
24 0 35 0 
24 1 35 1 
24 3 35 3 
24 6 35 6 
24 10 35 10 
24 11 35 11 
24 12 35 12 
24 13 35 13 
24 15 35 15 
24 18 35 18 
24 20 35 20 
24 23 35 23 
24 24 35 24 
24 25 35 25 
24 26 35 26 
24 27 35 27 
24 28 35 28 
24 30 35 30 
24 33 35 33 
24 34 35 34 
24 37 35 37 
24 38 35 38 
24 39 35 39 
24 40 35 40 
24 41 35 41 
24 42 35 42 
24 43 35 43 
24 44 35 44 
24 46 35 46 
24 47 35 47 
24 48 35 48 
24 49 35 49 
24 50 35 50 
24 51 35 51 
24 52 35 52 
24 53 35 53 
24 54 35 54 
24 55 35 55 
24 56 35 56 
24 57 35 57 
24 58 35 58 
24 59 35 59 
24 60 35 60 
24 61 35 61 
24 62 35 62 
24 63 35 63 
24 64 35 64 
24 65 35 65 
24 66 35 66 
24 67 35 67 
24 68 35 68 
24 69 35 69 
24 71 35 71 
24 72 35 72 
24 74 35 74 
24 76 35 76 
24 77 35 77 
24 82 35 82 
24 84 35 84 
24 85 35 85 
24 87 35 87 
24 88 35 88 
24 89 35 89 
24 91 35 91 
24 92 35 92 
24 94 35 94 
24 96 35 96 
24 97 35 97 
24 98 35 98 
24 99 35 99 
24 100 35 100 
24 101 35 101 
24 102 35 102 
24 104 35 104 
24 107 35 107 
24 108 35 108 
24 109 35 109 
24 111 35 111 
24 114 35 114 
24 115 35 115 
24 116 35 116 
24 118 35 118 
24 119 35 119 
24 121 35 121 
24 123 35 123 
24 125 35 125 
24 126 35 126 
24 127 35 127 
24 128 35 128 
24 130 35 130 
24 135 35 135 
24 136 35 136 
24 138 35 138 
24 139 35 139 
24 140 35 140 
24 141 35 141 
24 144 35 144 
24 145 35 145 
24 146 35 146 
24 148 35 148 
24 149 35 149 
24 150 35 150 
24 151 35 151 
24 152 35 152 
24 153 35 153 
24 154 35 154 
24 155 35 155 
24 157 35 157 
24 159 35 159 
24 161 35 161 
24 163 35 163 
24 164 35 164 
24 165 35 165 
24 166 35 166 
24 167 35 167 
24 170 35 170 
24 171 35 171 
24 172 35 172 
24 173 35 173 
24 174 35 174 
24 177 35 177 
24 178 35 178 
24 179 35 179 
24 181 35 181 
24 184 35 184 
24 185 35 185 
24 186 35 186 
24 187 35 187 
24 188 35 188 
24 189 35 189 
24 190 35 190 
24 191 35 191 
24 192 35 192 
24 193 35 193 
24 195 35 195 
24 197 35 197 
24 198 35 198 
24 200 35 200 
24 202 35 202 
24 203 35 203 
24 206 35 206 
24 207 35 207 
24 209 35 209 
24 212 35 212 
24 213 35 213 
24 214 35 214 
24 215 35 215 
24 216 35 216 
24 217 35 217 
24 218 35 218 
24 219 35 219 
24 221 35 221 
24 224 35 224 
24 225 35 225 
24 229 35 229 
24 233 35 233 
24 234 35 234 
24 238 35 238 
24 239 35 239 
24 241 35 241 
24 242 35 242 
24 243 35 243 
24 244 35 244 
24 245 35 245 
24 246 35 246 
24 248 35 248 
24 249 35 249 
25 8 36 8 
25 36 36 36 
25 80 36 80 
25 95 36 95 
25 103 36 103 
25 133 36 133 
25 134 36 134 
25 162 36 162 
25 168 36 168 
25 194 36 194 
25 210 36 210 
25 222 36 222 
25 230 36 230 
25 235 36 235 
25 237 36 237 
25 247 36 247 
26 2 37 2 
26 5 37 5 
26 16 37 16 
26 19 37 19 
26 32 37 32 
26 83 37 83 
26 106 37 106 
26 122 37 122 
26 124 37 124 
26 156 37 156 
26 183 37 183 
26 196 37 196 
26 201 37 201 
26 220 37 220 
26 223 37 223 
26 236 37 236 
26 240 37 240 
27 14 38 14 
27 31 38 31 
27 73 38 73 
27 78 38 78 
27 79 38 79 
27 112 38 112 
27 131 38 131 
27 180 38 180 
27 182 38 182 
27 232 38 232 
28 22 39 22 
28 29 39 29 
28 75 39 75 
28 129 39 129 
28 132 39 132 
28 143 39 143 
28 147 39 147 
28 160 39 160 
28 204 39 204 
28 205 39 205 
28 227 39 227 
29 35 40 35 
29 120 40 120 
29 158 40 158 
29 169 40 169 
29 208 40 208 
29 211 40 211 
30 7 41 7 
30 117 41 117 
30 137 41 137 
30 142 41 142 
30 176 41 176 
31 9 42 9 
31 17 42 17 
31 90 42 90 
31 105 42 105 
31 226 42 226 
32 81 43 81 
32 86 43 86 
32 110 43 110 
32 231 43 231 
33 93 44 93 
33 228 44 228 
34 70 45 70 
35 4 46 4 
35 199 46 199 
36 1 47 1 
36 3 47 3 
36 6 47 6 
36 11 47 11 
36 12 47 12 
36 13 47 13 
36 15 47 15 
36 18 47 18 
36 20 47 20 
36 23 47 23 
36 24 47 24 
36 25 47 25 
36 26 47 26 
36 27 47 27 
36 28 47 28 
36 30 47 30 
36 33 47 33 
36 34 47 34 
36 37 47 37 
36 38 47 38 
36 39 47 39 
36 41 47 41 
36 42 47 42 
36 43 47 43 
36 44 47 44 
36 46 47 46 
36 47 47 47 
36 48 47 48 
36 49 47 49 
36 50 47 50 
36 51 47 51 
36 52 47 52 
36 53 47 53 
36 54 47 54 
36 55 47 55 
36 57 47 57 
36 58 47 58 
36 59 47 59 
36 60 47 60 
36 61 47 61 
36 62 47 62 
36 63 47 63 
36 64 47 64 
36 65 47 65 
36 67 47 67 
36 68 47 68 
36 69 47 69 
36 71 47 71 
36 72 47 72 
36 74 47 74 
36 76 47 76 
36 77 47 77 
36 84 47 84 
36 85 47 85 
36 87 47 87 
36 88 47 88 
36 89 47 89 
36 91 47 91 
36 92 47 92 
36 94 47 94 
36 97 47 97 
36 98 47 98 
36 99 47 99 
36 101 47 101 
36 102 47 102 
36 104 47 104 
36 107 47 107 
36 108 47 108 
36 109 47 109 
36 111 47 111 
36 114 47 114 
36 115 47 115 
36 116 47 116 
36 119 47 119 
36 123 47 123 
36 125 47 125 
36 126 47 126 
36 127 47 127 
36 128 47 128 
36 130 47 130 
36 135 47 135 
36 136 47 136 
36 138 47 138 
36 139 47 139 
36 140 47 140 
36 141 47 141 
36 144 47 144 
36 145 47 145 
36 148 47 148 
36 149 47 149 
36 150 47 150 
36 151 47 151 
36 152 47 152 
36 154 47 154 
36 155 47 155 
36 157 47 157 
36 161 47 161 
36 163 47 163 
36 164 47 164 
36 165 47 165 
36 166 47 166 
36 167 47 167 
36 170 47 170 
36 171 47 171 
36 172 47 172 
36 173 47 173 
36 174 47 174 
36 177 47 177 
36 179 47 179 
36 181 47 181 
36 184 47 184 
36 185 47 185 
36 186 47 186 
36 187 47 187 
36 188 47 188 
36 190 47 190 
36 191 47 191 
36 192 47 192 
36 193 47 193 
36 195 47 195 
36 197 47 197 
36 198 47 198 
36 200 47 200 
36 202 47 202 
36 203 47 203 
36 206 47 206 
36 207 47 207 
36 209 47 209 
36 213 47 213 
36 214 47 214 
36 215 47 215 
36 216 47 216 
36 217 47 217 
36 218 47 218 
36 219 47 219 
36 221 47 221 
36 224 47 224 
36 229 47 229 
36 233 47 233 
36 234 47 234 
36 238 47 238 
36 239 47 239 
36 241 47 241 
36 242 47 242 
36 243 47 243 
36 244 47 244 
36 245 47 245 
36 246 47 246 
36 248 47 248 
36 249 47 249 
37 8 48 8 
37 21 48 21 
37 36 48 36 
37 45 48 45 
37 66 48 66 
37 80 48 80 
37 82 48 82 
37 103 48 103 
37 113 48 113 
37 133 48 133 
37 134 48 134 
37 146 48 146 
37 162 48 162 
37 168 48 168 
37 178 48 178 
37 194 48 194 
37 210 48 210 
37 212 48 212 
37 222 48 222 
37 225 48 225 
37 230 48 230 
37 235 48 235 
37 237 48 237 
38 2 49 2 
38 5 49 5 
38 16 49 16 
38 32 49 32 
38 40 49 40 
38 83 49 83 
38 106 49 106 
38 122 49 122 
38 124 49 124 
38 156 49 156 
38 159 49 159 
38 196 49 196 
38 201 49 201 
38 220 49 220 
38 223 49 223 
38 236 49 236 
38 240 49 240 
39 14 50 14 
39 31 50 31 
39 73 50 73 
39 78 50 78 
39 79 50 79 
39 95 50 95 
39 96 50 96 
39 112 50 112 
39 121 50 121 
39 131 50 131 
39 153 50 153 
39 180 50 180 
39 182 50 182 
39 189 50 189 
39 232 50 232 
39 247 50 247 
40 10 51 10 
40 22 51 22 
40 29 51 29 
40 75 51 75 
40 129 51 129 
40 147 51 147 
40 160 51 160 
40 183 51 183 
40 204 51 204 
40 205 51 205 
40 227 51 227 
41 35 52 35 
41 120 52 120 
41 158 52 158 
41 169 52 169 
41 208 52 208 
41 211 52 211 
42 0 53 0 
42 7 53 7 
42 117 53 117 
42 137 53 137 
42 142 53 142 
42 176 53 176 
43 9 54 9 
43 17 54 17 
43 90 54 90 
43 100 54 100 
43 105 54 105 
43 118 54 118 
43 226 54 226 
44 81 55 81 
44 86 55 86 
44 110 55 110 
44 231 55 231 
45 93 56 93 
45 143 56 143 
46 19 57 19 
46 70 57 70 
47 4 58 4 
47 56 58 56 
47 199 58 199 
48 1 59 1 
48 3 59 3 
48 6 59 6 
48 11 59 11 
48 12 59 12 
48 13 59 13 
48 15 59 15 
48 20 59 20 
48 23 59 23 
48 24 59 24 
48 25 59 25 
48 26 59 26 
48 27 59 27 
48 28 59 28 
48 30 59 30 
48 33 59 33 
48 34 59 34 
48 37 59 37 
48 38 59 38 
48 39 59 39 
48 41 59 41 
48 43 59 43 
48 44 59 44 
48 46 59 46 
48 47 59 47 
48 48 59 48 
48 50 59 50 
48 51 59 51 
48 52 59 52 
48 53 59 53 
48 55 59 55 
48 57 59 57 
48 59 59 59 
48 60 59 60 
48 61 59 61 
48 62 59 62 
48 63 59 63 
48 64 59 64 
48 65 59 65 
48 67 59 67 
48 68 59 68 
48 69 59 69 
48 71 59 71 
48 72 59 72 
48 74 59 74 
48 76 59 76 
48 84 59 84 
48 85 59 85 
48 87 59 87 
48 88 59 88 
48 91 59 91 
48 94 59 94 
48 97 59 97 
48 98 59 98 
48 99 59 99 
48 101 59 101 
48 104 59 104 
48 107 59 107 
48 108 59 108 
48 109 59 109 
48 111 59 111 
48 114 59 114 
48 115 59 115 
48 116 59 116 
48 119 59 119 
48 125 59 125 
48 127 59 127 
48 128 59 128 
48 130 59 130 
48 135 59 135 
48 136 59 136 
48 138 59 138 
48 139 59 139 
48 140 59 140 
48 141 59 141 
48 144 59 144 
48 145 59 145 
48 148 59 148 
48 149 59 149 
48 150 59 150 
48 151 59 151 
48 152 59 152 
48 154 59 154 
48 155 59 155 
48 157 59 157 
48 161 59 161 
48 163 59 163 
48 164 59 164 
48 165 59 165 
48 166 59 166 
48 167 59 167 
48 170 59 170 
48 171 59 171 
48 172 59 172 
48 174 59 174 
48 177 59 177 
48 179 59 179 
48 184 59 184 
48 185 59 185 
48 186 59 186 
48 187 59 187 
48 188 59 188 
48 191 59 191 
48 192 59 192 
48 193 59 193 
48 195 59 195 
48 197 59 197 
48 198 59 198 
48 200 59 200 
48 202 59 202 
48 203 59 203 
48 206 59 206 
48 213 59 213 
48 214 59 214 
48 215 59 215 
48 216 59 216 
48 217 59 217 
48 219 59 219 
48 221 59 221 
48 224 59 224 
48 229 59 229 
48 233 59 233 
48 239 59 239 
48 241 59 241 
48 242 59 242 
48 244 59 244 
48 246 59 246 
48 248 59 248 
48 249 59 249 
49 8 60 8 
49 21 60 21 
49 36 60 36 
49 54 60 54 
49 58 60 58 
49 66 60 66 
49 77 60 77 
49 80 60 80 
49 103 60 103 
49 113 60 113 
49 126 60 126 
49 132 60 132 
49 133 60 133 
49 134 60 134 
49 162 60 162 
49 168 60 168 
49 173 60 173 
49 178 60 178 
49 194 60 194 
49 212 60 212 
49 222 60 222 
49 225 60 225 
49 230 60 230 
49 234 60 234 
49 235 60 235 
49 245 60 245 
50 2 61 2 
50 5 61 5 
50 16 61 16 
50 32 61 32 
50 40 61 40 
50 82 61 82 
50 102 61 102 
50 106 61 106 
50 122 61 122 
50 124 61 124 
50 181 61 181 
50 196 61 196 
50 201 61 201 
50 207 61 207 
50 209 61 209 
50 218 61 218 
50 220 61 220 
50 223 61 223 
50 236 61 236 
51 14 62 14 
51 31 62 31 
51 45 62 45 
51 73 62 73 
51 78 62 78 
51 79 62 79 
51 89 62 89 
51 95 62 95 
51 96 62 96 
51 112 62 112 
51 131 62 131 
51 146 62 146 
51 153 62 153 
51 180 62 180 
51 182 62 182 
51 189 62 189 
51 210 62 210 
51 232 62 232 
51 237 62 237 
51 238 62 238 
51 243 62 243 
51 247 62 247 
52 10 63 10 
52 22 63 22 
52 29 63 29 
52 75 63 75 
52 129 63 129 
52 147 63 147 
52 160 63 160 
52 175 63 175 
52 183 63 183 
52 204 63 204 
52 205 63 205 
52 227 63 227 
53 49 64 49 
53 120 64 120 
53 158 64 158 
53 159 64 159 
53 169 64 169 
53 208 64 208 
53 211 64 211 
54 0 65 0 
54 7 65 7 
54 83 65 83 
54 117 65 117 
54 137 65 137 
54 176 65 176 
54 240 65 240 
55 9 66 9 
55 17 66 17 
55 90 66 90 
55 100 66 100 
55 105 66 105 
55 118 66 118 
55 142 66 142 
55 190 66 190 
55 226 66 226 
56 42 67 42 
56 81 67 81 
56 86 67 86 
56 92 67 92 
56 110 67 110 
56 123 67 123 
56 156 67 156 
57 18 68 18 
57 93 68 93 
57 121 68 121 
57 143 68 143 
57 231 68 231 
58 19 69 19 
58 35 69 35 
58 70 69 70 
59 4 70 4 
59 56 70 56 
59 199 70 199 
60 1 71 1 
60 3 71 3 
60 11 71 11 
60 12 71 12 
60 13 71 13 
60 15 71 15 
60 20 71 20 
60 23 71 23 
60 24 71 24 
60 25 71 25 
60 26 71 26 
60 27 71 27 
60 28 71 28 
60 30 71 30 
60 33 71 33 
60 37 71 37 
60 39 71 39 
60 41 71 41 
60 44 71 44 
60 46 71 46 
60 47 71 47 
60 48 71 48 
60 50 71 50 
60 51 71 51 
60 52 71 52 
60 55 71 55 
60 57 71 57 
60 59 71 59 
60 61 71 61 
60 62 71 62 
60 63 71 63 
60 65 71 65 
60 67 71 67 
60 68 71 68 
60 69 71 69 
60 71 71 71 
60 72 71 72 
60 74 71 74 
60 76 71 76 
60 85 71 85 
60 87 71 87 
60 91 71 91 
60 94 71 94 
60 97 71 97 
60 98 71 98 
60 99 71 99 
60 101 71 101 
60 104 71 104 
60 107 71 107 
60 108 71 108 
60 109 71 109 
60 111 71 111 
60 114 71 114 
60 119 71 119 
60 125 71 125 
60 127 71 127 
60 130 71 130 
60 135 71 135 
60 136 71 136 
60 138 71 138 
60 139 71 139 
60 140 71 140 
60 141 71 141 
60 144 71 144 
60 145 71 145 
60 148 71 148 
60 149 71 149 
60 150 71 150 
60 151 71 151 
60 152 71 152 
60 155 71 155 
60 157 71 157 
60 161 71 161 
60 163 71 163 
60 164 71 164 
60 165 71 165 
60 167 71 167 
60 171 71 171 
60 172 71 172 
60 174 71 174 
60 177 71 177 
60 179 71 179 
60 184 71 184 
60 185 71 185 
60 186 71 186 
60 187 71 187 
60 188 71 188 
60 191 71 191 
60 193 71 193 
60 195 71 195 
60 197 71 197 
60 198 71 198 
60 200 71 200 
60 202 71 202 
60 203 71 203 
60 206 71 206 
60 213 71 213 
60 214 71 214 
60 215 71 215 
60 216 71 216 
60 217 71 217 
60 219 71 219 
60 221 71 221 
60 224 71 224 
60 229 71 229 
60 233 71 233 
60 241 71 241 
60 242 71 242 
60 244 71 244 
60 246 71 246 
60 248 71 248 
60 249 71 249 
61 8 72 8 
61 36 72 36 
61 38 72 38 
61 54 72 54 
61 64 72 64 
61 66 72 66 
61 80 72 80 
61 103 72 103 
61 113 72 113 
61 126 72 126 
61 133 72 133 
61 134 72 134 
61 162 72 162 
61 166 72 166 
61 168 72 168 
61 173 72 173 
61 178 72 178 
61 194 72 194 
61 212 72 212 
61 222 72 222 
61 225 72 225 
61 230 72 230 
61 234 72 234 
61 245 72 245 
62 2 73 2 
62 5 73 5 
62 16 73 16 
62 32 73 32 
62 34 73 34 
62 40 73 40 
62 82 73 82 
62 84 73 84 
62 88 73 88 
62 102 73 102 
62 106 73 106 
62 116 73 116 
62 124 73 124 
62 132 73 132 
62 181 73 181 
62 196 73 196 
62 201 73 201 
62 207 73 207 
62 218 73 218 
62 220 73 220 
62 223 73 223 
62 228 73 228 
63 14 74 14 
63 31 74 31 
63 45 74 45 
63 73 74 73 
63 78 74 78 
63 79 74 79 
63 89 74 89 
63 95 74 95 
63 112 74 112 
63 122 74 122 
63 128 74 128 
63 131 74 131 
63 146 74 146 
63 153 74 153 
63 180 74 180 
63 189 74 189 
63 210 74 210 
63 235 74 235 
63 238 74 238 
63 243 74 243 
63 247 74 247 
64 29 75 29 
64 53 75 53 
64 58 75 58 
64 75 75 75 
64 129 75 129 
64 147 75 147 
64 160 75 160 
64 175 75 175 
64 183 75 183 
64 192 75 192 
64 204 75 204 
64 205 75 205 
64 227 75 227 
64 237 75 237 
65 10 76 10 
65 49 76 49 
65 96 76 96 
65 115 76 115 
65 158 76 158 
65 159 76 159 
65 169 76 169 
65 208 76 208 
65 211 76 211 
65 232 76 232 
66 0 77 0 
66 6 77 6 
66 7 77 7 
66 21 77 21 
66 83 77 83 
66 117 77 117 
66 137 77 137 
66 176 77 176 
66 209 77 209 
67 9 78 9 
67 17 78 17 
67 77 78 77 
67 90 78 90 
67 100 78 100 
67 118 78 118 
67 120 78 120 
67 142 78 142 
67 170 78 170 
67 190 78 190 
67 236 78 236 
68 42 79 42 
68 60 79 60 
68 81 79 81 
68 86 79 86 
68 92 79 92 
68 105 79 105 
68 110 79 110 
68 123 79 123 
68 154 79 154 
68 156 79 156 
68 226 79 226 
68 240 79 240 
69 18 80 18 
69 93 80 93 
69 121 80 121 
69 143 80 143 
69 231 80 231 
70 22 81 22 
70 35 81 35 
71 4 82 4 
71 43 82 43 
71 56 82 56 
72 1 83 1 
72 3 83 3 
72 11 83 11 
72 12 83 12 
72 13 83 13 
72 15 83 15 
72 20 83 20 
72 23 83 23 
72 24 83 24 
72 25 83 25 
72 28 83 28 
72 30 83 30 
72 37 83 37 
72 39 83 39 
72 44 83 44 
72 46 83 46 
72 47 83 47 
72 48 83 48 
72 51 83 51 
72 52 83 52 
72 55 83 55 
72 57 83 57 
72 59 83 59 
72 61 83 61 
72 62 83 62 
72 63 83 63 
72 65 83 65 
72 68 83 68 
72 69 83 69 
72 71 83 71 
72 72 83 72 
72 74 83 74 
72 85 83 85 
72 87 83 87 
72 91 83 91 
72 94 83 94 
72 97 83 97 
72 98 83 98 
72 99 83 99 
72 101 83 101 
72 104 83 104 
72 107 83 107 
72 109 83 109 
72 111 83 111 
72 114 83 114 
72 125 83 125 
72 127 83 127 
72 130 83 130 
72 135 83 135 
72 136 83 136 
72 138 83 138 
72 139 83 139 
72 141 83 141 
72 144 83 144 
72 145 83 145 
72 148 83 148 
72 149 83 149 
72 150 83 150 
72 151 83 151 
72 152 83 152 
72 157 83 157 
72 161 83 161 
72 163 83 163 
72 164 83 164 
72 165 83 165 
72 167 83 167 
72 171 83 171 
72 172 83 172 
72 174 83 174 
72 179 83 179 
72 185 83 185 
72 187 83 187 
72 188 83 188 
72 191 83 191 
72 193 83 193 
72 195 83 195 
72 197 83 197 
72 198 83 198 
72 200 83 200 
72 202 83 202 
72 203 83 203 
72 206 83 206 
72 213 83 213 
72 214 83 214 
72 215 83 215 
72 216 83 216 
72 217 83 217 
72 219 83 219 
72 224 83 224 
72 229 83 229 
72 233 83 233 
72 244 83 244 
72 246 83 246 
72 249 83 249 
73 8 84 8 
73 36 84 36 
73 41 84 41 
73 50 84 50 
73 54 84 54 
73 64 84 64 
73 66 84 66 
73 80 84 80 
73 103 84 103 
73 108 84 108 
73 113 84 113 
73 126 84 126 
73 133 84 133 
73 134 84 134 
73 162 84 162 
73 166 84 166 
73 168 84 168 
73 173 84 173 
73 177 84 177 
73 178 84 178 
73 184 84 184 
73 194 84 194 
73 212 84 212 
73 222 84 222 
73 225 84 225 
73 230 84 230 
73 234 84 234 
73 245 84 245 
73 248 84 248 
74 5 85 5 
74 16 85 16 
74 26 85 26 
74 27 85 27 
74 33 85 33 
74 34 85 34 
74 40 85 40 
74 82 85 82 
74 84 85 84 
74 88 85 88 
74 102 85 102 
74 106 85 106 
74 116 85 116 
74 124 85 124 
74 132 85 132 
74 140 85 140 
74 181 85 181 
74 201 85 201 
74 207 85 207 
74 218 85 218 
74 220 85 220 
74 223 85 223 
74 228 85 228 
75 14 86 14 
75 31 86 31 
75 38 86 38 
75 73 86 73 
75 78 86 78 
75 79 86 79 
75 89 86 89 
75 112 86 112 
75 119 86 119 
75 128 86 128 
75 131 86 131 
75 153 86 153 
75 180 86 180 
75 189 86 189 
75 210 86 210 
75 235 86 235 
75 238 86 238 
75 239 86 239 
75 243 86 243 
75 247 86 247 
76 2 87 2 
76 29 87 29 
76 53 87 53 
76 58 87 58 
76 75 87 75 
76 122 87 122 
76 129 87 129 
76 146 87 146 
76 147 87 147 
76 155 87 155 
76 160 87 160 
76 175 87 175 
76 183 87 183 
76 192 87 192 
76 204 87 204 
76 205 87 205 
76 221 87 221 
76 227 87 227 
76 237 87 237 
76 242 87 242 
77 10 88 10 
77 19 88 19 
77 49 88 49 
77 96 88 96 
77 115 88 115 
77 158 88 158 
77 159 88 159 
77 169 88 169 
77 208 88 208 
77 232 88 232 
78 0 89 0 
78 6 89 6 
78 7 89 7 
78 21 89 21 
78 83 89 83 
78 137 89 137 
78 176 89 176 
78 199 89 199 
78 209 89 209 
78 241 89 241 
79 9 90 9 
79 17 90 17 
79 76 90 76 
79 90 90 90 
79 100 90 100 
79 117 90 117 
79 118 90 118 
79 142 90 142 
79 170 90 170 
79 186 90 186 
79 190 90 190 
79 236 90 236 
80 42 91 42 
80 60 91 60 
80 70 91 70 
80 81 91 81 
80 92 91 92 
80 95 91 95 
80 105 91 105 
80 110 91 110 
80 123 91 123 
80 154 91 154 
80 156 91 156 
80 226 91 226 
80 240 91 240 
81 18 92 18 
81 67 92 67 
81 86 92 86 
81 93 92 93 
81 121 92 121 
81 143 92 143 
81 182 92 182 
81 231 92 231 
82 22 93 22 
82 35 93 35 
82 77 93 77 
83 4 94 4 
83 56 94 56 
84 1 95 1 
84 12 95 12 
84 20 95 20 
84 23 95 23 
84 24 95 24 
84 25 95 25 
84 28 95 28 
84 30 95 30 
84 37 95 37 
84 39 95 39 
84 44 95 44 
84 45 95 45 
84 46 95 46 
84 47 95 47 
84 48 95 48 
84 51 95 51 
84 52 95 52 
84 57 95 57 
84 59 95 59 
84 61 95 61 
84 62 95 62 
84 63 95 63 
84 65 95 65 
84 69 95 69 
84 71 95 71 
84 72 95 72 
84 74 95 74 
84 85 95 85 
84 87 95 87 
84 91 95 91 
84 94 95 94 
84 97 95 97 
84 98 95 98 
84 104 95 104 
84 107 95 107 
84 109 95 109 
84 111 95 111 
84 114 95 114 
84 130 95 130 
84 135 95 135 
84 136 95 136 
84 141 95 141 
84 144 95 144 
84 145 95 145 
84 148 95 148 
84 149 95 149 
84 152 95 152 
84 157 95 157 
84 161 95 161 
84 163 95 163 
84 164 95 164 
84 165 95 165 
84 167 95 167 
84 171 95 171 
84 172 95 172 
84 174 95 174 
84 179 95 179 
84 185 95 185 
84 187 95 187 
84 188 95 188 
84 193 95 193 
84 195 95 195 
84 197 95 197 
84 200 95 200 
84 202 95 202 
84 203 95 203 
84 206 95 206 
84 213 95 213 
84 214 95 214 
84 217 95 217 
84 219 95 219 
84 224 95 224 
84 229 95 229 
84 233 95 233 
84 244 95 244 
85 8 96 8 
85 13 96 13 
85 36 96 36 
85 50 96 50 
85 54 96 54 
85 64 96 64 
85 66 96 66 
85 80 96 80 
85 99 96 99 
85 103 96 103 
85 108 96 108 
85 113 96 113 
85 120 96 120 
85 133 96 133 
85 134 96 134 
85 139 96 139 
85 150 96 150 
85 162 96 162 
85 166 96 166 
85 168 96 168 
85 173 96 173 
85 177 96 177 
85 178 96 178 
85 194 96 194 
85 212 96 212 
85 222 96 222 
85 225 96 225 
85 230 96 230 
85 234 96 234 
85 245 96 245 
85 246 96 246 
86 5 97 5 
86 11 97 11 
86 16 97 16 
86 26 97 26 
86 27 97 27 
86 33 97 33 
86 34 97 34 
86 40 97 40 
86 55 97 55 
86 82 97 82 
86 84 97 84 
86 88 97 88 
86 102 97 102 
86 106 97 106 
86 116 97 116 
86 124 97 124 
86 132 97 132 
86 138 97 138 
86 140 97 140 
86 151 97 151 
86 181 97 181 
86 191 97 191 
86 198 97 198 
86 201 97 201 
86 211 97 211 
86 216 97 216 
86 218 97 218 
86 223 97 223 
86 228 97 228 
86 248 97 248 
86 249 97 249 
87 3 98 3 
87 14 98 14 
87 15 98 15 
87 31 98 31 
87 32 98 32 
87 41 98 41 
87 73 98 73 
87 78 98 78 
87 89 98 89 
87 112 98 112 
87 119 98 119 
87 126 98 126 
87 127 98 127 
87 128 98 128 
87 131 98 131 
87 153 98 153 
87 180 98 180 
87 189 98 189 
87 210 98 210 
87 235 98 235 
87 238 98 238 
87 239 98 239 
87 243 98 243 
87 247 98 247 
88 2 99 2 
88 29 99 29 
88 53 99 53 
88 75 99 75 
88 79 99 79 
88 122 99 122 
88 125 99 125 
88 129 99 129 
88 147 99 147 
88 155 99 155 
88 183 99 183 
88 192 99 192 
88 205 99 205 
88 207 99 207 
88 221 99 221 
88 227 99 227 
88 237 99 237 
88 242 99 242 
89 10 100 10 
89 19 100 19 
89 49 100 49 
89 96 100 96 
89 115 100 115 
89 158 100 158 
89 159 100 159 
89 169 100 169 
89 208 100 208 
89 232 100 232 
90 6 101 6 
90 7 101 7 
90 68 101 68 
90 83 101 83 
90 137 101 137 
90 176 101 176 
90 196 101 196 
90 199 101 199 
90 204 101 204 
90 209 101 209 
90 241 101 241 
91 9 102 9 
91 17 102 17 
91 76 102 76 
91 90 102 90 
91 100 102 100 
91 117 102 117 
91 118 102 118 
91 142 102 142 
91 160 102 160 
91 170 102 170 
91 175 102 175 
91 186 102 186 
91 190 102 190 
91 215 102 215 
91 236 102 236 
92 38 103 38 
92 42 103 42 
92 43 103 43 
92 60 103 60 
92 70 103 70 
92 92 103 92 
92 95 103 95 
92 101 103 101 
92 105 103 105 
92 123 103 123 
92 146 103 146 
92 154 103 154 
92 226 103 226 
92 240 103 240 
93 67 104 67 
93 86 104 86 
93 93 104 93 
93 143 104 143 
93 182 104 182 
93 184 104 184 
93 231 104 231 
94 22 105 22 
94 35 105 35 
94 58 105 58 
94 77 105 77 
94 220 105 220 
95 4 106 4 
95 56 106 56 
95 110 106 110 
96 1 107 1 
96 12 107 12 
96 20 107 20 
96 23 107 23 
96 25 107 25 
96 30 107 30 
96 37 107 37 
96 39 107 39 
96 44 107 44 
96 45 107 45 
96 46 107 46 
96 48 107 48 
96 51 107 51 
96 52 107 52 
96 57 107 57 
96 59 107 59 
96 61 107 61 
96 62 107 62 
96 63 107 63 
96 65 107 65 
96 69 107 69 
96 72 107 72 
96 74 107 74 
96 85 107 85 
96 87 107 87 
96 91 107 91 
96 94 107 94 
96 97 107 97 
96 104 107 104 
96 107 107 107 
96 109 107 109 
96 111 107 111 
96 130 107 130 
96 135 107 135 
96 136 107 136 
96 141 107 141 
96 144 107 144 
96 145 107 145 
96 149 107 149 
96 152 107 152 
96 157 107 157 
96 161 107 161 
96 164 107 164 
96 165 107 165 
96 167 107 167 
96 171 107 171 
96 172 107 172 
96 174 107 174 
96 179 107 179 
96 185 107 185 
96 187 107 187 
96 188 107 188 
96 193 107 193 
96 195 107 195 
96 197 107 197 
96 200 107 200 
96 202 107 202 
96 203 107 203 
96 206 107 206 
96 213 107 213 
96 214 107 214 
96 219 107 219 
96 224 107 224 
96 233 107 233 
96 244 107 244 
97 8 108 8 
97 13 108 13 
97 36 108 36 
97 50 108 50 
97 64 108 64 
97 66 108 66 
97 71 108 71 
97 80 108 80 
97 103 108 103 
97 108 108 108 
97 134 108 134 
97 150 108 150 
97 162 108 162 
97 166 108 166 
97 168 108 168 
97 177 108 177 
97 178 108 178 
97 194 108 194 
97 212 108 212 
97 225 108 225 
97 230 108 230 
97 234 108 234 
97 245 108 245 
98 5 109 5 
98 11 109 11 
98 24 109 24 
98 26 109 26 
98 27 109 27 
98 33 109 33 
98 34 109 34 
98 54 109 54 
98 82 109 82 
98 84 109 84 
98 88 109 88 
98 102 109 102 
98 106 109 106 
98 116 109 116 
98 120 109 120 
98 124 109 124 
98 132 109 132 
98 138 109 138 
98 140 109 140 
98 151 109 151 
98 156 109 156 
98 181 109 181 
98 191 109 191 
98 198 109 198 
98 201 109 201 
98 211 109 211 
98 218 109 218 
98 223 109 223 
98 228 109 228 
98 248 109 248 
99 3 110 3 
99 14 110 14 
99 15 110 15 
99 16 110 16 
99 31 110 31 
99 32 110 32 
99 40 110 40 
99 41 110 41 
99 55 110 55 
99 73 110 73 
99 78 110 78 
99 81 110 81 
99 89 110 89 
99 112 110 112 
99 119 110 119 
99 126 110 126 
99 127 110 127 
99 128 110 128 
99 131 110 131 
99 133 110 133 
99 153 110 153 
99 163 110 163 
99 180 110 180 
99 189 110 189 
99 222 110 222 
99 235 110 235 
99 239 110 239 
99 243 110 243 
99 246 110 246 
99 247 110 247 
100 0 111 0 
100 2 111 2 
100 28 111 28 
100 53 111 53 
100 75 111 75 
100 79 111 79 
100 98 111 98 
100 113 111 113 
100 122 111 122 
100 125 111 125 
100 129 111 129 
100 147 111 147 
100 173 111 173 
100 192 111 192 
100 205 111 205 
100 207 111 207 
100 227 111 227 
100 237 111 237 
100 242 111 242 
101 19 112 19 
101 21 112 21 
101 49 112 49 
101 96 112 96 
101 114 112 114 
101 115 112 115 
101 121 112 121 
101 158 112 158 
101 183 112 183 
101 208 112 208 
101 229 112 229 
102 6 113 6 
102 7 113 7 
102 68 113 68 
102 83 113 83 
102 137 113 137 
102 176 113 176 
102 196 113 196 
102 199 113 199 
102 204 113 204 
102 209 113 209 
102 217 113 217 
102 221 113 221 
102 241 113 241 
103 9 114 9 
103 17 114 17 
103 76 114 76 
103 100 114 100 
103 117 114 117 
103 142 114 142 
103 170 114 170 
103 186 114 186 
103 190 114 190 
103 215 114 215 
103 236 114 236 
104 38 115 38 
104 42 115 42 
104 43 115 43 
104 47 115 47 
104 60 115 60 
104 92 115 92 
104 95 115 95 
104 101 115 101 
104 105 115 105 
104 123 115 123 
104 139 115 139 
104 146 115 146 
104 154 115 154 
104 160 115 160 
104 226 115 226 
104 240 115 240 
105 18 116 18 
105 86 116 86 
105 143 116 143 
105 182 116 182 
105 184 116 184 
105 231 116 231 
106 22 117 22 
106 35 117 35 
106 58 117 58 
106 67 117 67 
106 77 117 77 
106 93 117 93 
106 99 117 99 
106 169 117 169 
106 220 117 220 
107 4 118 4 
107 10 118 10 
107 56 118 56 
107 110 118 110 
107 118 118 118 
107 210 118 210 
107 216 118 216 
108 1 119 1 
108 23 119 23 
108 25 119 25 
108 30 119 30 
108 37 119 37 
108 39 119 39 
108 44 119 44 
108 45 119 45 
108 46 119 46 
108 48 119 48 
108 51 119 51 
108 52 119 52 
108 59 119 59 
108 63 119 63 
108 65 119 65 
108 69 119 69 
108 72 119 72 
108 74 119 74 
108 87 119 87 
108 91 119 91 
108 94 119 94 
108 97 119 97 
108 104 119 104 
108 107 119 107 
108 111 119 111 
108 130 119 130 
108 135 119 135 
108 136 119 136 
108 144 119 144 
108 149 119 149 
108 152 119 152 
108 157 119 157 
108 159 119 159 
108 161 119 161 
108 165 119 165 
108 167 119 167 
108 171 119 171 
108 172 119 172 
108 174 119 174 
108 175 119 175 
108 179 119 179 
108 185 119 185 
108 187 119 187 
108 188 119 188 
108 193 119 193 
108 195 119 195 
108 197 119 197 
108 200 119 200 
108 202 119 202 
108 203 119 203 
108 206 119 206 
108 213 119 213 
108 214 119 214 
108 219 119 219 
108 224 119 224 
108 233 119 233 
108 244 119 244 
108 249 119 249 
109 8 120 8 
109 13 120 13 
109 20 120 20 
109 36 120 36 
109 50 120 50 
109 61 120 61 
109 64 120 64 
109 66 120 66 
109 71 120 71 
109 103 120 103 
109 108 120 108 
109 134 120 134 
109 162 120 162 
109 166 120 166 
109 168 120 168 
109 178 120 178 
109 212 120 212 
109 225 120 225 
109 230 120 230 
109 238 120 238 
109 245 120 245 
110 5 121 5 
110 11 121 11 
110 24 121 24 
110 26 121 26 
110 27 121 27 
110 29 121 29 
110 33 121 33 
110 34 121 34 
110 54 121 54 
110 57 121 57 
110 82 121 82 
110 84 121 84 
110 88 121 88 
110 102 121 102 
110 106 121 106 
110 116 121 116 
110 124 121 124 
110 132 121 132 
110 138 121 138 
110 140 121 140 
110 145 121 145 
110 148 121 148 
110 150 121 150 
110 151 121 151 
110 156 121 156 
110 164 121 164 
110 181 121 181 
110 191 121 191 
110 194 121 194 
110 198 121 198 
110 201 121 201 
110 211 121 211 
110 223 121 223 
110 228 121 228 
110 232 121 232 
110 248 121 248 
111 3 122 3 
111 14 122 14 
111 15 122 15 
111 31 122 31 
111 32 122 32 
111 40 122 40 
111 41 122 41 
111 55 122 55 
111 62 122 62 
111 78 122 78 
111 81 122 81 
111 85 122 85 
111 89 122 89 
111 112 122 112 
111 119 122 119 
111 120 122 120 
111 126 122 126 
111 127 122 127 
111 128 122 128 
111 131 122 131 
111 133 122 133 
111 153 122 153 
111 155 122 155 
111 163 122 163 
111 180 122 180 
111 189 122 189 
111 218 122 218 
111 222 122 222 
111 235 122 235 
111 239 122 239 
111 243 122 243 
111 246 122 246 
111 247 122 247 
112 0 123 0 
112 2 123 2 
112 53 123 53 
112 75 123 75 
112 98 123 98 
112 113 123 113 
112 122 123 122 
112 125 123 125 
112 129 123 129 
112 147 123 147 
112 173 123 173 
112 192 123 192 
112 205 123 205 
112 207 123 207 
112 227 123 227 
112 237 123 237 
112 242 123 242 
113 16 124 16 
113 19 124 19 
113 21 124 21 
113 49 124 49 
113 80 124 80 
113 96 124 96 
113 109 124 109 
113 114 124 114 
113 115 124 115 
113 158 124 158 
113 183 124 183 
113 208 124 208 
113 229 124 229 
113 234 124 234 
114 6 125 6 
114 7 125 7 
114 28 125 28 
114 68 125 68 
114 83 125 83 
114 137 125 137 
114 141 125 141 
114 176 125 176 
114 177 125 177 
114 196 125 196 
114 199 125 199 
114 204 125 204 
114 209 125 209 
114 217 125 217 
114 221 125 221 
114 241 125 241 
115 9 126 9 
115 73 126 73 
115 76 126 76 
115 100 126 100 
115 117 126 117 
115 142 126 142 
115 170 126 170 
115 190 126 190 
115 236 126 236 
116 17 127 17 
116 38 127 38 
116 42 127 42 
116 43 127 43 
116 47 127 47 
116 92 127 92 
116 95 127 95 
116 101 127 101 
116 105 127 105 
116 123 127 123 
116 139 127 139 
116 146 127 146 
116 154 127 154 
116 160 127 160 
116 186 127 186 
116 215 127 215 
116 226 127 226 
117 18 128 18 
117 60 128 60 
117 86 128 86 
117 143 128 143 
117 182 128 182 
117 231 128 231 
117 240 128 240 
118 35 129 35 
118 58 129 58 
118 67 129 67 
118 77 129 77 
118 79 129 79 
118 93 129 93 
118 99 129 99 
118 220 129 220 
119 4 130 4 
119 10 130 10 
119 56 130 56 
119 110 130 110 
119 118 130 118 
119 210 130 210 
119 216 130 216 
120 1 131 1 
120 23 131 23 
120 25 131 25 
120 30 131 30 
120 37 131 37 
120 39 131 39 
120 44 131 44 
120 45 131 45 
120 46 131 46 
120 48 131 48 
120 51 131 51 
120 52 131 52 
120 59 131 59 
120 63 131 63 
120 65 131 65 
120 69 131 69 
120 72 131 72 
120 74 131 74 
120 87 131 87 
120 91 131 91 
120 94 131 94 
120 97 131 97 
120 104 131 104 
120 107 131 107 
120 111 131 111 
120 130 131 130 
120 135 131 135 
120 136 131 136 
120 144 131 144 
120 149 131 149 
120 152 131 152 
120 157 131 157 
120 159 131 159 
120 161 131 161 
120 165 131 165 
120 167 131 167 
120 171 131 171 
120 174 131 174 
120 175 131 175 
120 179 131 179 
120 185 131 185 
120 187 131 187 
120 188 131 188 
120 193 131 193 
120 195 131 195 
120 200 131 200 
120 202 131 202 
120 203 131 203 
120 206 131 206 
120 213 131 213 
120 214 131 214 
120 224 131 224 
120 233 131 233 
120 244 131 244 
120 249 131 249 
121 8 132 8 
121 13 132 13 
121 20 132 20 
121 50 132 50 
121 61 132 61 
121 64 132 64 
121 66 132 66 
121 71 132 71 
121 103 132 103 
121 108 132 108 
121 121 132 121 
121 134 132 134 
121 162 132 162 
121 168 132 168 
121 178 132 178 
121 212 132 212 
121 219 132 219 
121 225 132 225 
121 238 132 238 
121 245 132 245 
122 5 133 5 
122 11 133 11 
122 24 133 24 
122 26 133 26 
122 27 133 27 
122 29 133 29 
122 34 133 34 
122 57 133 57 
122 70 133 70 
122 82 133 82 
122 84 133 84 
122 88 133 88 
122 90 133 90 
122 102 133 102 
122 106 133 106 
122 116 133 116 
122 124 133 124 
122 132 133 132 
122 138 133 138 
122 140 133 140 
122 145 133 145 
122 148 133 148 
122 150 133 150 
122 156 133 156 
122 164 133 164 
122 181 133 181 
122 191 133 191 
122 198 133 198 
122 201 133 201 
122 211 133 211 
122 223 133 223 
122 228 133 228 
122 232 133 232 
122 248 133 248 
123 3 134 3 
123 14 134 14 
123 31 134 31 
123 32 134 32 
123 40 134 40 
123 41 134 41 
123 55 134 55 
123 62 134 62 
123 78 134 78 
123 85 134 85 
123 89 134 89 
123 112 134 112 
123 119 134 119 
123 120 134 120 
123 126 134 126 
123 127 134 127 
123 131 134 131 
123 133 134 133 
123 151 134 151 
123 155 134 155 
123 172 134 172 
123 180 134 180 
123 189 134 189 
123 218 134 218 
123 235 134 235 
123 239 134 239 
123 243 134 243 
123 246 134 246 
124 2 135 2 
124 22 135 22 
124 53 135 53 
124 54 135 54 
124 75 135 75 
124 98 135 98 
124 113 135 113 
124 122 135 122 
124 125 135 125 
124 128 135 128 
124 129 135 129 
124 147 135 147 
124 169 135 169 
124 173 135 173 
124 192 135 192 
124 205 135 205 
124 207 135 207 
124 227 135 227 
124 237 135 237 
124 247 135 247 
125 15 136 15 
125 16 136 16 
125 19 136 19 
125 21 136 21 
125 36 136 36 
125 49 136 49 
125 80 136 80 
125 96 136 96 
125 114 136 114 
125 115 136 115 
125 153 136 153 
125 158 136 158 
125 166 136 166 
125 183 136 183 
125 197 136 197 
125 208 136 208 
125 234 136 234 
125 242 136 242 
126 0 137 0 
126 7 137 7 
126 28 137 28 
126 83 137 83 
126 109 137 109 
126 137 137 137 
126 141 137 141 
126 176 137 176 
126 177 137 177 
126 196 137 196 
126 199 137 199 
126 204 137 204 
126 209 137 209 
126 217 137 217 
126 221 137 221 
126 230 137 230 
126 241 137 241 
127 9 138 9 
127 76 138 76 
127 100 138 100 
127 117 138 117 
127 142 138 142 
127 170 138 170 
127 190 138 190 
127 229 138 229 
127 236 138 236 
128 38 139 38 
128 42 139 42 
128 43 139 43 
128 47 139 47 
128 92 139 92 
128 95 139 95 
128 101 139 101 
128 105 139 105 
128 139 139 139 
128 146 139 146 
128 154 139 154 
128 186 139 186 
128 215 139 215 
128 226 139 226 
129 18 140 18 
129 60 140 60 
129 73 140 73 
129 86 140 86 
129 143 140 143 
129 160 140 160 
129 182 140 182 
129 184 140 184 
129 240 140 240 
130 6 141 6 
130 35 141 35 
130 67 141 67 
130 68 141 68 
130 79 141 79 
130 99 141 99 
130 194 141 194 
130 220 141 220 
130 222 141 222 
130 231 141 231 
131 4 142 4 
131 10 142 10 
131 17 142 17 
131 56 142 56 
131 58 142 58 
131 118 142 118 
131 163 142 163 
131 210 142 210 
131 216 142 216 
132 23 143 23 
132 25 143 25 
132 30 143 30 
132 37 143 37 
132 39 143 39 
132 44 143 44 
132 45 143 45 
132 46 143 46 
132 48 143 48 
132 51 143 51 
132 59 143 59 
132 63 143 63 
132 65 143 65 
132 69 143 69 
132 72 143 72 
132 74 143 74 
132 87 143 87 
132 91 143 91 
132 94 143 94 
132 107 143 107 
132 130 143 130 
132 135 143 135 
132 136 143 136 
132 144 143 144 
132 149 143 149 
132 152 143 152 
132 157 143 157 
132 159 143 159 
132 161 143 161 
132 165 143 165 
132 167 143 167 
132 171 143 171 
132 175 143 175 
132 179 143 179 
132 185 143 185 
132 187 143 187 
132 188 143 188 
132 195 143 195 
132 200 143 200 
132 202 143 202 
132 203 143 203 
132 206 143 206 
132 213 143 213 
132 214 143 214 
132 224 143 224 
132 244 143 244 
132 249 143 249 
133 8 144 8 
133 12 144 12 
133 13 144 13 
133 20 144 20 
133 50 144 50 
133 52 144 52 
133 61 144 61 
133 64 144 64 
133 66 144 66 
133 71 144 71 
133 97 144 97 
133 103 144 103 
133 108 144 108 
133 121 144 121 
133 123 144 123 
133 162 144 162 
133 168 144 168 
133 178 144 178 
133 219 144 219 
133 225 144 225 
133 238 144 238 
134 1 145 1 
134 5 145 5 
134 11 145 11 
134 24 145 24 
134 26 145 26 
134 27 145 27 
134 29 145 29 
134 34 145 34 
134 57 145 57 
134 70 145 70 
134 77 145 77 
134 82 145 82 
134 84 145 84 
134 88 145 88 
134 90 145 90 
134 93 145 93 
134 102 145 102 
134 104 145 104 
134 106 145 106 
134 116 145 116 
134 132 145 132 
134 138 145 138 
134 140 145 140 
134 148 145 148 
134 181 145 181 
134 191 145 191 
134 198 145 198 
134 201 145 201 
134 211 145 211 
134 212 145 212 
134 228 145 228 
134 233 145 233 
135 3 146 3 
135 14 146 14 
135 31 146 31 
135 40 146 40 
135 41 146 41 
135 55 146 55 
135 62 146 62 
135 78 146 78 
135 85 146 85 
135 89 146 89 
135 112 146 112 
135 120 146 120 
135 124 146 124 
135 126 146 126 
135 127 146 127 
135 131 146 131 
135 133 146 133 
135 151 146 151 
135 155 146 155 
135 164 146 164 
135 172 146 172 
135 180 146 180 
135 189 146 189 
135 193 146 193 
135 218 146 218 
135 235 146 235 
135 239 146 239 
135 246 146 246 
135 248 146 248 
136 2 147 2 
136 22 147 22 
136 53 147 53 
136 54 147 54 
136 75 147 75 
136 98 147 98 
136 113 147 113 
136 119 147 119 
136 122 147 122 
136 125 147 125 
136 128 147 128 
136 129 147 129 
136 147 147 147 
136 173 147 173 
136 192 147 192 
136 205 147 205 
136 227 147 227 
136 232 147 232 
136 247 147 247 
137 15 148 15 
137 16 148 16 
137 19 148 19 
137 21 148 21 
137 36 148 36 
137 49 148 49 
137 80 148 80 
137 111 148 111 
137 114 148 114 
137 115 148 115 
137 134 148 134 
137 153 148 153 
137 158 148 158 
137 166 148 166 
137 183 148 183 
137 208 148 208 
137 223 148 223 
137 234 148 234 
137 242 148 242 
138 0 149 0 
138 7 149 7 
138 32 149 32 
138 83 149 83 
138 96 149 96 
138 109 149 109 
138 137 149 137 
138 141 149 141 
138 176 149 176 
138 177 149 177 
138 196 149 196 
138 199 149 199 
138 204 149 204 
138 209 149 209 
138 217 149 217 
138 221 149 221 
138 230 149 230 
138 237 149 237 
138 241 149 241 
139 9 150 9 
139 100 150 100 
139 117 150 117 
139 142 150 142 
139 145 150 145 
139 170 150 170 
139 190 150 190 
139 229 150 229 
139 236 150 236 
140 38 151 38 
140 42 151 42 
140 43 151 43 
140 47 151 47 
140 92 151 92 
140 95 151 95 
140 101 151 101 
140 105 151 105 
140 139 151 139 
140 146 151 146 
140 154 151 154 
140 186 151 186 
140 215 151 215 
140 245 151 245 
141 18 152 18 
141 60 152 60 
141 76 152 76 
141 86 152 86 
141 143 152 143 
141 160 152 160 
141 182 152 182 
141 184 152 184 
142 6 153 6 
142 33 153 33 
142 67 153 67 
142 68 153 68 
142 79 153 79 
142 81 153 81 
142 99 153 99 
142 169 153 169 
142 174 153 174 
142 194 153 194 
142 220 153 220 
142 222 153 222 
142 226 153 226 
143 4 154 4 
143 10 154 10 
143 17 154 17 
143 28 154 28 
143 56 154 56 
143 58 154 58 
143 73 154 73 
143 118 154 118 
143 150 154 150 
143 163 154 163 
143 210 154 210 
143 216 154 216 
143 240 154 240 
144 23 155 23 
144 25 155 25 
144 30 155 30 
144 37 155 37 
144 39 155 39 
144 45 155 45 
144 48 155 48 
144 59 155 59 
144 63 155 63 
144 65 155 65 
144 72 155 72 
144 74 155 74 
144 87 155 87 
144 91 155 91 
144 94 155 94 
144 107 155 107 
144 130 155 130 
144 135 155 135 
144 136 155 136 
144 144 155 144 
144 149 155 149 
144 152 155 152 
144 157 155 157 
144 159 155 159 
144 161 155 161 
144 165 155 165 
144 167 155 167 
144 171 155 171 
144 175 155 175 
144 185 155 185 
144 187 155 187 
144 188 155 188 
144 195 155 195 
144 200 155 200 
144 202 155 202 
144 203 155 203 
144 207 155 207 
144 214 155 214 
144 224 155 224 
144 249 155 249 
145 12 156 12 
145 13 156 13 
145 20 156 20 
145 44 156 44 
145 46 156 46 
145 50 156 50 
145 52 156 52 
145 61 156 61 
145 64 156 64 
145 66 156 66 
145 69 156 69 
145 97 156 97 
145 103 156 103 
145 108 156 108 
145 121 156 121 
145 123 156 123 
145 162 156 162 
145 168 156 168 
145 178 156 178 
145 206 156 206 
145 219 156 219 
145 225 156 225 
145 238 156 238 
146 1 157 1 
146 5 157 5 
146 11 157 11 
146 24 157 24 
146 26 157 26 
146 27 157 27 
146 29 157 29 
146 34 157 34 
146 57 157 57 
146 70 157 70 
146 71 157 71 
146 77 157 77 
146 82 157 82 
146 84 157 84 
146 88 157 88 
146 102 157 102 
146 104 157 104 
146 106 157 106 
146 116 157 116 
146 132 157 132 
146 138 157 138 
146 140 157 140 
146 148 157 148 
146 191 157 191 
146 198 157 198 
146 201 157 201 
146 211 157 211 
146 212 157 212 
146 228 157 228 
146 233 157 233 
146 243 157 243 
147 3 158 3 
147 14 158 14 
147 31 158 31 
147 35 158 35 
147 40 158 40 
147 55 158 55 
147 62 158 62 
147 78 158 78 
147 85 158 85 
147 89 158 89 
147 90 158 90 
147 112 158 112 
147 124 158 124 
147 126 158 126 
147 127 158 127 
147 131 158 131 
147 133 158 133 
147 151 158 151 
147 155 158 155 
147 164 158 164 
147 172 158 172 
147 179 158 179 
147 180 158 180 
147 189 158 189 
147 193 158 193 
147 218 158 218 
147 235 158 235 
147 246 158 246 
147 248 158 248 
148 2 159 2 
148 8 159 8 
148 22 159 22 
148 53 159 53 
148 75 159 75 
148 93 159 93 
148 98 159 98 
148 110 159 110 
148 113 159 113 
148 119 159 119 
148 120 159 120 
148 122 159 122 
148 125 159 125 
148 128 159 128 
148 129 159 129 
148 147 159 147 
148 173 159 173 
148 192 159 192 
148 205 159 205 
148 227 159 227 
148 231 159 231 
148 232 159 232 
148 247 159 247 
149 15 160 15 
149 16 160 16 
149 19 160 19 
149 21 160 21 
149 36 160 36 
149 49 160 49 
149 54 160 54 
149 80 160 80 
149 111 160 111 
149 115 160 115 
149 134 160 134 
149 153 160 153 
149 156 160 156 
149 158 160 158 
149 166 160 166 
149 183 160 183 
149 208 160 208 
149 234 160 234 
149 239 160 239 
149 242 160 242 
150 0 161 0 
150 7 161 7 
150 32 161 32 
150 51 161 51 
150 83 161 83 
150 109 161 109 
150 137 161 137 
150 141 161 141 
150 176 161 176 
150 177 161 177 
150 196 161 196 
150 197 161 197 
150 199 161 199 
150 204 161 204 
150 209 161 209 
150 221 161 221 
150 230 161 230 
150 237 161 237 
150 241 161 241 
150 244 161 244 
151 9 162 9 
151 100 162 100 
151 114 162 114 
151 117 162 117 
151 142 162 142 
151 145 162 145 
151 170 162 170 
151 190 162 190 
151 213 162 213 
151 217 162 217 
151 229 162 229 
151 236 162 236 
152 38 163 38 
152 42 163 42 
152 43 163 43 
152 47 163 47 
152 92 163 92 
152 95 163 95 
152 96 163 96 
152 101 163 101 
152 105 163 105 
152 139 163 139 
152 146 163 146 
152 154 163 154 
152 181 163 181 
152 215 163 215 
153 18 164 18 
153 41 164 41 
153 60 164 60 
153 76 164 76 
153 86 164 86 
153 143 164 143 
153 160 164 160 
153 182 164 182 
153 245 164 245 
154 6 165 6 
154 33 165 33 
154 67 165 67 
154 68 165 68 
154 79 165 79 
154 81 165 81 
154 99 165 99 
154 169 165 169 
154 174 165 174 
154 194 165 194 
154 220 165 220 
154 222 165 222 
154 223 165 223 
154 226 165 226 
155 4 166 4 
155 10 166 10 
155 17 166 17 
155 56 166 56 
155 58 166 58 
155 73 166 73 
155 150 166 150 
155 163 166 163 
155 210 166 210 
155 216 166 216 
155 240 166 240 
156 23 167 23 
156 25 167 25 
156 30 167 30 
156 39 167 39 
156 45 167 45 
156 59 167 59 
156 63 167 63 
156 65 167 65 
156 72 167 72 
156 74 167 74 
156 87 167 87 
156 94 167 94 
156 107 167 107 
156 130 167 130 
156 136 167 136 
156 144 167 144 
156 149 167 149 
156 152 167 152 
156 157 167 157 
156 159 167 159 
156 161 167 161 
156 165 167 165 
156 167 167 167 
156 171 167 171 
156 175 167 175 
156 185 167 185 
156 187 167 187 
156 188 167 188 
156 195 167 195 
156 200 167 200 
156 202 167 202 
156 203 167 203 
156 207 167 207 
156 214 167 214 
156 224 167 224 
156 249 167 249 
157 12 168 12 
157 13 168 13 
157 44 168 44 
157 46 168 46 
157 50 168 50 
157 52 168 52 
157 61 168 61 
157 64 168 64 
157 66 168 66 
157 69 168 69 
157 91 168 91 
157 97 168 97 
157 103 168 103 
157 108 168 108 
157 118 168 118 
157 121 168 121 
157 162 168 162 
157 168 168 168 
157 178 168 178 
157 206 168 206 
157 219 168 219 
157 225 168 225 
157 238 168 238 
158 1 169 1 
158 5 169 5 
158 11 169 11 
158 24 169 24 
158 26 169 26 
158 27 169 27 
158 29 169 29 
158 34 169 34 
158 37 169 37 
158 57 169 57 
158 71 169 71 
158 77 169 77 
158 82 169 82 
158 84 169 84 
158 88 169 88 
158 102 169 102 
158 104 169 104 
158 106 169 106 
158 116 169 116 
158 132 169 132 
158 135 169 135 
158 138 169 138 
158 140 169 140 
158 148 169 148 
158 191 169 191 
158 211 169 211 
158 228 169 228 
158 233 169 233 
158 243 169 243 
159 3 170 3 
159 14 170 14 
159 31 170 31 
159 35 170 35 
159 40 170 40 
159 55 170 55 
159 62 170 62 
159 85 170 85 
159 89 170 89 
159 112 170 112 
159 126 170 126 
159 127 170 127 
159 131 170 131 
159 133 170 133 
159 151 170 151 
159 155 170 155 
159 164 170 164 
159 172 170 172 
159 179 170 179 
159 184 170 184 
159 186 170 186 
159 189 170 189 
159 218 170 218 
159 235 170 235 
159 246 170 246 
159 248 170 248 
160 2 171 2 
160 8 171 8 
160 22 171 22 
160 48 171 48 
160 53 171 53 
160 75 171 75 
160 93 171 93 
160 98 171 98 
160 110 171 110 
160 113 171 113 
160 119 171 119 
160 120 171 120 
160 123 171 123 
160 128 171 128 
160 129 171 129 
160 147 171 147 
160 192 171 192 
160 193 171 193 
160 205 171 205 
160 227 171 227 
160 231 171 231 
160 232 171 232 
160 247 171 247 
161 15 172 15 
161 16 172 16 
161 19 172 19 
161 21 172 21 
161 28 172 28 
161 36 172 36 
161 54 172 54 
161 78 172 78 
161 80 172 80 
161 115 172 115 
161 122 172 122 
161 134 172 134 
161 153 172 153 
161 156 172 156 
161 158 172 158 
161 166 172 166 
161 183 172 183 
161 198 172 198 
161 234 172 234 
161 239 172 239 
161 242 172 242 
162 7 173 7 
162 51 173 51 
162 70 173 70 
162 83 173 83 
162 90 173 90 
162 109 173 109 
162 111 173 111 
162 125 173 125 
162 137 173 137 
162 176 173 176 
162 177 173 177 
162 197 173 197 
162 199 173 199 
162 204 173 204 
162 221 173 221 
162 230 173 230 
162 237 173 237 
162 241 173 241 
162 244 173 244 
163 0 174 0 
163 9 174 9 
163 100 174 100 
163 114 174 114 
163 141 174 141 
163 142 174 142 
163 145 174 145 
163 170 174 170 
163 190 174 190 
163 209 174 209 
163 213 174 213 
163 217 174 217 
163 229 174 229 
163 236 174 236 
164 38 175 38 
164 42 175 42 
164 43 175 43 
164 47 175 47 
164 49 175 49 
164 92 175 92 
164 95 175 95 
164 96 175 96 
164 101 175 101 
164 105 175 105 
164 139 175 139 
164 146 175 146 
164 180 175 180 
164 181 175 181 
164 215 175 215 
165 18 176 18 
165 60 176 60 
165 76 176 76 
165 86 176 86 
165 143 176 143 
165 173 176 173 
165 182 176 182 
165 201 176 201 
165 245 176 245 
166 6 177 6 
166 41 177 41 
166 68 177 68 
166 79 177 79 
166 81 177 81 
166 99 177 99 
166 174 177 174 
166 194 177 194 
166 212 177 212 
166 220 177 220 
166 222 177 222 
166 223 177 223 
166 226 177 226 
167 4 178 4 
167 10 178 10 
167 56 178 56 
167 58 178 58 
167 73 178 73 
167 150 178 150 
167 163 178 163 
167 196 178 196 
167 216 178 216 
167 240 178 240 
168 23 179 23 
168 25 179 25 
168 30 179 30 
168 32 179 32 
168 39 179 39 
168 45 179 45 
168 59 179 59 
168 63 179 63 
168 72 179 72 
168 74 179 74 
168 87 179 87 
168 94 179 94 
168 107 179 107 
168 130 179 130 
168 136 179 136 
168 149 179 149 
168 152 179 152 
168 157 179 157 
168 159 179 159 
168 161 179 161 
168 165 179 165 
168 167 179 167 
168 171 179 171 
168 175 179 175 
168 185 179 185 
168 187 179 187 
168 188 179 188 
168 195 179 195 
168 200 179 200 
168 202 179 202 
168 203 179 203 
168 207 179 207 
168 214 179 214 
168 224 179 224 
168 249 179 249 
169 12 180 12 
169 13 180 13 
169 44 180 44 
169 46 180 46 
169 50 180 50 
169 52 180 52 
169 61 180 61 
169 64 180 64 
169 66 180 66 
169 69 180 69 
169 91 180 91 
169 97 180 97 
169 103 180 103 
169 108 180 108 
169 117 180 117 
169 118 180 118 
169 121 180 121 
169 144 180 144 
169 162 180 162 
169 168 180 168 
169 178 180 178 
169 206 180 206 
169 219 180 219 
169 225 180 225 
169 238 180 238 
170 1 181 1 
170 11 181 11 
170 24 181 24 
170 27 181 27 
170 34 181 34 
170 57 181 57 
170 65 181 65 
170 71 181 71 
170 77 181 77 
170 82 181 82 
170 84 181 84 
170 88 181 88 
170 102 181 102 
170 104 181 104 
170 106 181 106 
170 116 181 116 
170 124 181 124 
170 135 181 135 
170 138 181 138 
170 148 181 148 
170 169 181 169 
170 191 181 191 
170 211 181 211 
170 228 181 228 
170 233 181 233 
170 243 181 243 
171 3 182 3 
171 14 182 14 
171 20 182 20 
171 31 182 31 
171 35 182 35 
171 40 182 40 
171 55 182 55 
171 62 182 62 
171 89 182 89 
171 112 182 112 
171 126 182 126 
171 127 182 127 
171 131 182 131 
171 133 182 133 
171 151 182 151 
171 155 182 155 
171 160 182 160 
171 164 182 164 
171 172 182 172 
171 179 182 179 
171 184 182 184 
171 186 182 186 
171 189 182 189 
171 208 182 208 
171 218 182 218 
171 235 182 235 
171 246 182 246 
171 248 182 248 
172 2 183 2 
172 8 183 8 
172 26 183 26 
172 48 183 48 
172 53 183 53 
172 75 183 75 
172 93 183 93 
172 98 183 98 
172 113 183 113 
172 119 183 119 
172 120 183 120 
172 123 183 123 
172 128 183 128 
172 129 183 129 
172 147 183 147 
172 154 183 154 
172 193 183 193 
172 205 183 205 
172 231 183 231 
172 232 183 232 
172 247 183 247 
173 5 184 5 
173 15 184 15 
173 16 184 16 
173 19 184 19 
173 21 184 21 
173 36 184 36 
173 54 184 54 
173 80 184 80 
173 110 184 110 
173 115 184 115 
173 122 184 122 
173 134 184 134 
173 156 184 156 
173 166 184 166 
173 183 184 183 
173 192 184 192 
173 198 184 198 
173 234 184 234 
173 239 184 239 
174 7 185 7 
174 28 185 28 
174 33 185 33 
174 51 185 51 
174 70 185 70 
174 78 185 78 
174 83 185 83 
174 85 185 85 
174 90 185 90 
174 111 185 111 
174 125 185 125 
174 176 185 176 
174 199 185 199 
174 204 185 204 
174 221 185 221 
174 230 185 230 
174 237 185 237 
175 9 186 9 
175 100 186 100 
175 114 186 114 
175 141 186 141 
175 142 186 142 
175 145 186 145 
175 177 186 177 
175 190 186 190 
175 209 186 209 
175 210 186 210 
175 213 186 213 
175 217 186 217 
175 229 186 229 
175 236 186 236 
176 0 187 0 
176 38 187 38 
176 42 187 42 
176 43 187 43 
176 47 187 47 
176 92 187 92 
176 95 187 95 
176 96 187 96 
176 101 187 101 
176 105 187 105 
176 109 187 109 
176 137 187 137 
176 139 187 139 
176 146 187 146 
176 180 187 180 
176 181 187 181 
176 215 187 215 
177 18 188 18 
177 49 188 49 
177 76 188 76 
177 86 188 86 
177 143 188 143 
177 173 188 173 
177 182 188 182 
177 201 188 201 
177 227 188 227 
178 6 189 6 
178 29 189 29 
178 37 189 37 
178 41 189 41 
178 60 189 60 
178 79 189 79 
178 81 189 81 
178 99 189 99 
178 153 189 153 
178 174 189 174 
178 194 189 194 
178 212 189 212 
178 220 189 220 
178 222 189 222 
178 223 189 223 
178 245 189 245 
179 4 190 4 
179 10 190 10 
179 22 190 22 
179 56 190 56 
179 58 190 58 
179 73 190 73 
179 150 190 150 
179 163 190 163 
179 196 190 196 
179 197 190 197 
179 216 190 216 
179 240 190 240 
179 241 190 241 
180 17 191 17 
180 23 191 23 
180 30 191 30 
180 32 191 32 
180 39 191 39 
180 45 191 45 
180 63 191 63 
180 67 191 67 
180 72 191 72 
180 74 191 74 
180 87 191 87 
180 94 191 94 
180 136 191 136 
180 152 191 152 
180 157 191 157 
180 159 191 159 
180 161 191 161 
180 165 191 165 
180 167 191 167 
180 170 191 170 
180 171 191 171 
180 185 191 185 
180 187 191 187 
180 188 191 188 
180 195 191 195 
180 200 191 200 
180 202 191 202 
180 203 191 203 
180 207 191 207 
180 214 191 214 
180 224 191 224 
180 242 191 242 
180 249 191 249 
181 12 192 12 
181 13 192 13 
181 25 192 25 
181 44 192 44 
181 46 192 46 
181 50 192 50 
181 61 192 61 
181 64 192 64 
181 66 192 66 
181 69 192 69 
181 91 192 91 
181 97 192 97 
181 103 192 103 
181 108 192 108 
181 117 192 117 
181 121 192 121 
181 140 192 140 
181 162 192 162 
181 168 192 168 
181 178 192 178 
181 206 192 206 
181 219 192 219 
181 238 192 238 
181 244 192 244 
182 27 193 27 
182 34 193 34 
182 57 193 57 
182 71 193 71 
182 77 193 77 
182 82 193 82 
182 84 193 84 
182 88 193 88 
182 102 193 102 
182 104 193 104 
182 106 193 106 
182 107 193 107 
182 116 193 116 
182 124 193 124 
182 130 193 130 
182 135 193 135 
182 138 193 138 
182 144 193 144 
182 158 193 158 
182 169 193 169 
182 175 193 175 
182 211 193 211 
182 233 193 233 
182 243 193 243 
183 3 194 3 
183 11 194 11 
183 14 194 14 
183 20 194 20 
183 31 194 31 
183 35 194 35 
183 40 194 40 
183 55 194 55 
183 62 194 62 
183 89 194 89 
183 112 194 112 
183 118 194 118 
183 126 194 126 
183 127 194 127 
183 131 194 131 
183 132 194 132 
183 148 194 148 
183 151 194 151 
183 160 194 160 
183 164 194 164 
183 172 194 172 
183 179 194 179 
183 184 194 184 
183 186 194 186 
183 189 194 189 
183 208 194 208 
183 246 194 246 
183 248 194 248 
184 8 195 8 
184 48 195 48 
184 52 195 52 
184 53 195 53 
184 59 195 59 
184 93 195 93 
184 98 195 98 
184 113 195 113 
184 119 195 119 
184 120 195 120 
184 123 195 123 
184 128 195 128 
184 129 195 129 
184 133 195 133 
184 147 195 147 
184 149 195 149 
184 154 195 154 
184 193 195 193 
184 205 195 205 
184 231 195 231 
184 232 195 232 
184 247 195 247 
185 5 196 5 
185 15 196 15 
185 16 196 16 
185 19 196 19 
185 21 196 21 
185 54 196 54 
185 75 196 75 
185 80 196 80 
185 115 196 115 
185 122 196 122 
185 134 196 134 
185 156 196 156 
185 183 196 183 
185 192 196 192 
185 198 196 198 
185 225 196 225 
185 226 196 226 
185 234 196 234 
185 235 196 235 
185 239 196 239 
186 7 197 7 
186 28 197 28 
186 33 197 33 
186 51 197 51 
186 70 197 70 
186 78 197 78 
186 83 197 83 
186 85 197 85 
186 90 197 90 
186 110 197 110 
186 125 197 125 
186 176 197 176 
186 204 197 204 
186 221 197 221 
186 230 197 230 
186 237 197 237 
187 9 198 9 
187 26 198 26 
187 114 198 114 
187 142 198 142 
187 145 198 145 
187 155 198 155 
187 177 198 177 
187 190 198 190 
187 209 198 209 
187 210 198 210 
187 213 198 213 
187 217 198 217 
187 228 198 228 
187 236 198 236 
188 0 199 0 
188 2 199 2 
188 42 199 42 
188 43 199 43 
188 47 199 47 
188 92 199 92 
188 95 199 95 
188 96 199 96 
188 101 199 101 
188 105 199 105 
188 109 199 109 
188 137 199 137 
188 139 199 139 
188 146 199 146 
188 180 199 180 
188 181 199 181 
188 215 199 215 
190 99 195 100 
190 173 195 174 
190 222 195 223 
191 36 196 37 
191 196 196 197 
191 240 196 241 
192 17 197 18 
192 22 197 23 
192 29 197 30 
192 38 197 39 
192 67 197 68 
192 72 197 73 
192 86 197 87 
192 152 197 153 
192 165 197 166 
192 170 197 171 
192 187 197 188 
192 194 197 195 
192 199 197 200 
192 201 197 202 
193 12 198 13 
193 24 198 25 
193 49 198 50 
193 60 198 61 
193 63 198 64 
193 65 198 66 
193 140 198 141 
193 161 198 162 
193 167 198 168 
193 219 198 220 
193 244 198 245 
194 56 199 57 
194 76 199 77 
194 81 199 82 
194 102 199 103 
194 106 199 107 
194 135 199 136 
194 143 199 144 
194 157 199 158 
194 206 199 207 
194 211 199 212 
194 242 199 243 
194 44 197 46 
195 130 198 132 
195 184 198 186 
196 111 199 113 
196 117 199 119 
196 126 199 128 
196 147 199 149 
196 172 199 174 
196 222 199 224 
196 231 199 233 
196 246 199 248 
189 182 199 182 
190 79 199 79 
195 3 199 4 
195 10 199 11 
195 31 199 32 
195 163 199 164 
195 178 199 179 
191 216 199 216 
72 241 75 242 
98 216 101 217 
196 58 199 59 
